<?xml version="1.0" encoding="UTF-8"?>
<!-- Generated by org.testng.reporters.JUnitXMLReporter -->
<testsuite ignored="0" hostname="ngawangs10" failures="0" tests="3" name="Default test" time="20.61" errors="0" timestamp="2022-12-25T11:18:42 GMT-05:00">
  <testcase classname="testPages.HomePageTest" name="clickZipCodeFieldTest" time="3.121"/>
  <testcase classname="testPages.HomePageTest" name="inputZipCodeField" time="3.104"/>
  <testcase classname="testPages.HomePageTest" name="clickGoButton" time="3.235"/>
</testsuite> <!-- Default test -->
