<?xml version="1.0" encoding="UTF-8"?>
<testng-results ignored="0" total="3" passed="3" failed="0" skipped="0">
  <reporter-output>
  </reporter-output>
  <suite started-at="2022-12-25T11:18:21 GMT-05:00" name="Default suite" finished-at="2022-12-25T11:18:42 GMT-05:00" duration-ms="20610">
    <groups>
    </groups>
    <test started-at="2022-12-25T11:18:21 GMT-05:00" name="Default test" finished-at="2022-12-25T11:18:42 GMT-05:00" duration-ms="20610">
      <class name="testPages.HomePageTest">
        <test-method is-config="true" signature="setup()[pri:0, instance:testPages.HomePageTest@67f639d3]" started-at="2022-12-25T11:18:21 GMT-05:00" name="setup" finished-at="2022-12-25T11:18:26 GMT-05:00" duration-ms="4220" status="PASS">
          <reporter-output>
          </reporter-output>
        </test-method> <!-- setup -->
        <test-method signature="clickZipCodeFieldTest()[pri:1, instance:testPages.HomePageTest@67f639d3]" started-at="2022-12-25T11:18:26 GMT-05:00" name="clickZipCodeFieldTest" finished-at="2022-12-25T11:18:29 GMT-05:00" duration-ms="3121" status="PASS">
          <reporter-output>
          </reporter-output>
        </test-method> <!-- clickZipCodeFieldTest -->
        <test-method is-config="true" signature="tearUp()[pri:0, instance:testPages.HomePageTest@67f639d3]" started-at="2022-12-25T11:18:29 GMT-05:00" name="tearUp" finished-at="2022-12-25T11:18:29 GMT-05:00" duration-ms="197" status="PASS">
          <reporter-output>
          </reporter-output>
        </test-method> <!-- tearUp -->
        <test-method is-config="true" signature="setup()[pri:0, instance:testPages.HomePageTest@67f639d3]" started-at="2022-12-25T11:18:29 GMT-05:00" name="setup" finished-at="2022-12-25T11:18:32 GMT-05:00" duration-ms="3231" status="PASS">
          <reporter-output>
          </reporter-output>
        </test-method> <!-- setup -->
        <test-method signature="inputZipCodeField()[pri:2, instance:testPages.HomePageTest@67f639d3]" started-at="2022-12-25T11:18:32 GMT-05:00" name="inputZipCodeField" finished-at="2022-12-25T11:18:35 GMT-05:00" duration-ms="3104" status="PASS">
          <reporter-output>
          </reporter-output>
        </test-method> <!-- inputZipCodeField -->
        <test-method is-config="true" signature="tearUp()[pri:0, instance:testPages.HomePageTest@67f639d3]" started-at="2022-12-25T11:18:35 GMT-05:00" name="tearUp" finished-at="2022-12-25T11:18:35 GMT-05:00" duration-ms="214" status="PASS">
          <reporter-output>
          </reporter-output>
        </test-method> <!-- tearUp -->
        <test-method is-config="true" signature="setup()[pri:0, instance:testPages.HomePageTest@67f639d3]" started-at="2022-12-25T11:18:35 GMT-05:00" name="setup" finished-at="2022-12-25T11:18:38 GMT-05:00" duration-ms="3053" status="PASS">
          <reporter-output>
          </reporter-output>
        </test-method> <!-- setup -->
        <test-method signature="clickGoButton()[pri:3, instance:testPages.HomePageTest@67f639d3]" started-at="2022-12-25T11:18:38 GMT-05:00" name="clickGoButton" finished-at="2022-12-25T11:18:42 GMT-05:00" duration-ms="3235" status="PASS">
          <reporter-output>
          </reporter-output>
        </test-method> <!-- clickGoButton -->
        <test-method is-config="true" signature="tearUp()[pri:0, instance:testPages.HomePageTest@67f639d3]" started-at="2022-12-25T11:18:42 GMT-05:00" name="tearUp" finished-at="2022-12-25T11:18:42 GMT-05:00" duration-ms="183" status="PASS">
          <reporter-output>
          </reporter-output>
        </test-method> <!-- tearUp -->
      </class> <!-- testPages.HomePageTest -->
    </test> <!-- Default test -->
  </suite> <!-- Default suite -->
</testng-results>
